#
# A fatal error has been detected by the Java Runtime Environment:
#
#  EXCEPTION_IN_PAGE_ERROR (0xc0000006) at pc=0x00007ffdc2d316e9, pid=11324, tid=21852
#
# JRE version:  (16.0.2+7) (build )
# Java VM: OpenJDK 64-Bit Server VM (16.0.2+7-67, mixed mode, sharing, tiered, compressed oops, compressed class ptrs, g1 gc, windows-amd64)
# Problematic frame:
# C  [VCRUNTIME140.dll+0x16e9]
#
# No core dump will be written. Minidumps are not enabled by default on client versions of Windows
#
#

---------------  S U M M A R Y ------------

Command Line: -javaagent:C:\Program Files\JetBrains\IntelliJ IDEA Community Edition 2021.1\lib\idea_rt.jar=61902:C:\Program Files\JetBrains\IntelliJ IDEA Community Edition 2021.1\bin -Dfile.encoding=UTF-8 com.example.demo.AuctionApplication

Host: Intel(R) Core(TM) i5-7600K CPU @ 3.80GHz, 4 cores, 15G,  Windows 10 , 64 bit Build 19041 (10.0.19041.1202)
Time: Wed Oct  6 16:31:46 2021 Västeuropa, sommartid elapsed time: 0.011788 seconds (0d 0h 0m 0s)

---------------  T H R E A D  ---------------

Current thread is native thread

Stack: [0x0000009e91900000,0x0000009e91a00000],  sp=0x0000009e919fefa0,  free space=1019k
Native frames: (J=compiled Java code, j=interpreted, Vv=VM code, C=native code)
C  [VCRUNTIME140.dll+0x16e9]
V  [jvm.dll+0x68a503]
V  [jvm.dll+0x689215]
V  [jvm.dll+0x688d8e]
V  [jvm.dll+0x3608d7]
V  [jvm.dll+0x77a23c]
V  [jvm.dll+0x3e4e8f]
V  [jvm.dll+0x3e6961]
C  [jli.dll+0x52fb]
C  [ucrtbase.dll+0x21bb2]
C  [KERNEL32.DLL+0x17034]
C  [ntdll.dll+0x52651]


siginfo: EXCEPTION_IN_PAGE_ERROR (0xc0000006), writing address 0x0000024215680000


Registers:
RAX=0x0000000000000000, RBX=0x0000024215680000, RCX=0x0000000000010000, RDX=0x0000000000000000
RSP=0x0000009e919fefa0, RBP=0x00000242174f85c0, RSI=0x0000024215331f80, RDI=0x0000024215680000
R8 =0x0000000000010000, R9 =0x0000000000000000, R10=0x0000000000000000, R11=0x0000024215680000
R12=0x00007ffd48a52fd0, R13=0x00007ffd48d8aa18, R14=0x0000024215322a80, R15=0x0000000000010000
RIP=0x00007ffdc2d316e9, EFLAGS=0x0000000000010202

Top of Stack: (sp=0x0000009e919fefa0)
0x0000009e919fefa0:   0000000000000000 00007ffd48aca503
0x0000009e919fefb0:   00000242174f85c0 0000024200000000
0x0000009e919fefc0:   0000024215331f80 0000000000000140
0x0000009e919fefd0:   0000000000010000 0000009e919feff0
0x0000009e919fefe0:   0000009e919ff270 0000000000000104
0x0000009e919feff0:   0000010100000103 00000242174f85c5
0x0000009e919ff000:   0000000000000080 0000000000000002
0x0000009e919ff010:   0000024215310000 0000009e919ff0d9
0x0000009e919ff020:   0000000000000009 00007ffdca07b3c7
0x0000009e919ff030:   00000242152a0000 00007ffd00000000
0x0000009e919ff040:   0000000000000080 00007ffd00000000
0x0000009e919ff050:   00000000005c3a43 00007ffdca1b8540
0x0000009e919ff060:   0000000200000000 0000024215310150
0x0000009e919ff070:   000002421540ee20 00000000000003ff
0x0000009e919ff080:   b64926da00000000 0000000000000000
0x0000009e919ff090:   0000000000160001 0000000000000016 

Instructions: (pc=0x00007ffdc2d316e9)
0x00007ffdc2d315e9:   ff ff 0f 1f 44 00 00 49 03 c8 0f 10 44 11 f0 48
0x00007ffdc2d315f9:   83 e9 10 49 83 e8 10 f6 c1 0f 74 17 48 8b c1 48
0x00007ffdc2d31609:   83 e1 f0 0f 10 c8 0f 10 04 11 0f 11 08 4c 8b c1
0x00007ffdc2d31619:   4d 2b c3 4d 8b c8 49 c1 e9 07 74 68 0f 29 01 eb
0x00007ffdc2d31629:   0d 66 0f 1f 44 00 00 0f 29 41 10 0f 29 09 0f 10
0x00007ffdc2d31639:   44 11 f0 0f 10 4c 11 e0 48 81 e9 80 00 00 00 0f
0x00007ffdc2d31649:   29 41 70 0f 29 49 60 0f 10 44 11 50 0f 10 4c 11
0x00007ffdc2d31659:   40 49 ff c9 0f 29 41 50 0f 29 49 40 0f 10 44 11
0x00007ffdc2d31669:   30 0f 10 4c 11 20 0f 29 41 30 0f 29 49 20 0f 10
0x00007ffdc2d31679:   44 11 10 0f 10 0c 11 75 ae 0f 29 41 10 49 83 e0
0x00007ffdc2d31689:   7f 0f 28 c1 4d 8b c8 49 c1 e9 04 74 1a 66 66 0f
0x00007ffdc2d31699:   1f 84 00 00 00 00 00 0f 11 01 48 83 e9 10 0f 10
0x00007ffdc2d316a9:   04 11 49 ff c9 75 f0 49 83 e0 0f 74 08 41 0f 10
0x00007ffdc2d316b9:   0a 41 0f 11 0b 0f 11 01 49 8b c3 c3 cc cc cc cc
0x00007ffdc2d316c9:   cc cc cc cc cc cc cc cc cc cc cc cc cc 66 66 0f
0x00007ffdc2d316d9:   1f 84 00 00 00 00 00 57 8b c2 48 8b f9 49 8b c8
0x00007ffdc2d316e9:   f3 aa 49 8b c3 5f c3 cc cc cc cc cc cc 66 66 0f
0x00007ffdc2d316f9:   1f 84 00 00 00 00 00 4c 8b d9 0f b6 d2 49 b9 01
0x00007ffdc2d31709:   01 01 01 01 01 01 01 4c 0f af ca 49 83 f8 10 0f
0x00007ffdc2d31719:   86 f2 00 00 00 66 49 0f 6e c1 66 0f 60 c0 49 81
0x00007ffdc2d31729:   f8 80 00 00 00 77 10 e9 6b 00 00 00 66 66 66 0f
0x00007ffdc2d31739:   1f 84 00 00 00 00 00 f6 05 75 2c 01 00 02 75 97
0x00007ffdc2d31749:   0f 11 01 4c 03 c1 48 83 c1 10 48 83 e1 f0 4c 2b
0x00007ffdc2d31759:   c1 4d 8b c8 49 c1 e9 07 74 3d 4c 3b 0d be 28 01
0x00007ffdc2d31769:   00 0f 87 60 00 00 00 0f 29 01 0f 29 41 10 48 81
0x00007ffdc2d31779:   c1 80 00 00 00 0f 29 41 a0 0f 29 41 b0 49 ff c9
0x00007ffdc2d31789:   0f 29 41 c0 0f 29 41 d0 0f 29 41 e0 66 0f 29 41
0x00007ffdc2d31799:   f0 75 d4 49 83 e0 7f 4d 8b c8 49 c1 e9 04 74 13
0x00007ffdc2d317a9:   0f 1f 80 00 00 00 00 0f 11 01 48 83 c1 10 49 ff
0x00007ffdc2d317b9:   c9 75 f4 49 83 e0 0f 74 06 42 0f 11 44 01 f0 49
0x00007ffdc2d317c9:   8b c3 c3 0f 1f 40 00 0f 2b 01 0f 2b 41 10 48 81
0x00007ffdc2d317d9:   c1 80 00 00 00 0f 2b 41 a0 0f 2b 41 b0 49 ff c9 



---------------  P R O C E S S  ---------------

VM state: not at safepoint (not fully initialized)

VM Mutex/Monitor currently owned by a thread: None

Heap address: 0x0000000000000000, size: 0 MB, Compressed Oops mode: 32-bit

CDS archive(s) mapped at: [0x0000000000000000-0x0000000000000000-0x0000000000000000), size 0, SharedBaseAddress: 0x0000000800000000, ArchiveRelocationMode: 0.
Narrow klass base: 0x0000000000000000, Narrow klass shift: 0, Narrow klass range: 0x0

GC Precious Log:
<Not initialized>

Deoptimization events (0 events):
No events

Classes unloaded (0 events):
No events

Classes redefined (0 events):
No events

Internal exceptions (0 events):
No events

Events (0 events):
No events


Dynamic libraries:
0x00007ff74e770000 - 0x00007ff74e77e000 	C:\Users\Succi\.jdks\openjdk-16.0.2\bin\java.exe
0x00007ffdca050000 - 0x00007ffdca245000 	C:\WINDOWS\SYSTEM32\ntdll.dll
0x00007ffdc8660000 - 0x00007ffdc871e000 	C:\WINDOWS\System32\KERNEL32.DLL
0x00007ffdc7aa0000 - 0x00007ffdc7d69000 	C:\WINDOWS\System32\KERNELBASE.dll
0x00007ffdc7840000 - 0x00007ffdc7940000 	C:\WINDOWS\System32\ucrtbase.dll
0x00007ffdc2750000 - 0x00007ffdc2768000 	C:\Users\Succi\.jdks\openjdk-16.0.2\bin\jli.dll
0x00007ffdc2d30000 - 0x00007ffdc2d49000 	C:\Users\Succi\.jdks\openjdk-16.0.2\bin\VCRUNTIME140.dll
0x00007ffdc92d0000 - 0x00007ffdc9471000 	C:\WINDOWS\System32\USER32.dll
0x00007ffdc7770000 - 0x00007ffdc7792000 	C:\WINDOWS\System32\win32u.dll
0x00007ffdc9f30000 - 0x00007ffdc9f5b000 	C:\WINDOWS\System32\GDI32.dll
0x00007ffdc7e30000 - 0x00007ffdc7f3b000 	C:\WINDOWS\System32\gdi32full.dll
0x00007ffdb5f90000 - 0x00007ffdb622a000 	C:\WINDOWS\WinSxS\amd64_microsoft.windows.common-controls_6595b64144ccf1df_6.0.19041.1110_none_60b5254171f9507e\COMCTL32.dll
0x00007ffdc77a0000 - 0x00007ffdc783d000 	C:\WINDOWS\System32\msvcp_win.dll
0x00007ffdc9520000 - 0x00007ffdc95be000 	C:\WINDOWS\System32\msvcrt.dll
0x00007ffdc8580000 - 0x00007ffdc85b0000 	C:\WINDOWS\System32\IMM32.DLL
0x00007ffdc2d60000 - 0x00007ffdc2d6c000 	C:\Users\Succi\.jdks\openjdk-16.0.2\bin\vcruntime140_1.dll
0x00007ffd8a0d0000 - 0x00007ffd8a161000 	C:\Users\Succi\.jdks\openjdk-16.0.2\bin\msvcp140.dll
0x00007ffd48440000 - 0x00007ffd48feb000 	C:\Users\Succi\.jdks\openjdk-16.0.2\bin\server\jvm.dll
0x00007ffdc9f60000 - 0x00007ffdca00c000 	C:\WINDOWS\System32\ADVAPI32.dll
0x00007ffdc9480000 - 0x00007ffdc951b000 	C:\WINDOWS\System32\sechost.dll
0x00007ffdc9130000 - 0x00007ffdc925a000 	C:\WINDOWS\System32\RPCRT4.dll
0x00007ffdc90c0000 - 0x00007ffdc90c8000 	C:\WINDOWS\System32\PSAPI.DLL
0x00007ffdbb1f0000 - 0x00007ffdbb1f9000 	C:\WINDOWS\SYSTEM32\WSOCK32.dll
0x00007ffdc9260000 - 0x00007ffdc92cb000 	C:\WINDOWS\System32\WS2_32.dll
0x00007ffdc25b0000 - 0x00007ffdc25ba000 	C:\WINDOWS\SYSTEM32\VERSION.dll
0x00007ffdaa660000 - 0x00007ffdaa687000 	C:\WINDOWS\SYSTEM32\WINMM.dll
0x00007ffdc5650000 - 0x00007ffdc5662000 	C:\WINDOWS\SYSTEM32\kernel.appcore.dll
0x00007ffdc2710000 - 0x00007ffdc271a000 	C:\Users\Succi\.jdks\openjdk-16.0.2\bin\jimage.dll
0x00007ffdc1be0000 - 0x00007ffdc1dc4000 	C:\WINDOWS\SYSTEM32\DBGHELP.DLL
0x00007ffdc1860000 - 0x00007ffdc188c000 	C:\WINDOWS\SYSTEM32\dbgcore.DLL
0x00007ffdc7da0000 - 0x00007ffdc7e23000 	C:\WINDOWS\System32\bcryptPrimitives.dll
0x00007ffdc26d0000 - 0x00007ffdc26de000 	C:\Users\Succi\.jdks\openjdk-16.0.2\bin\instrument.dll
0x00007ffd98870000 - 0x00007ffd98895000 	C:\Users\Succi\.jdks\openjdk-16.0.2\bin\java.dll

dbghelp: loaded successfully - version: 4.0.5 - missing functions: none
symbol engine: initialized successfully - sym options: 0x614 - pdb path: .;C:\Users\Succi\.jdks\openjdk-16.0.2\bin;C:\WINDOWS\SYSTEM32;C:\WINDOWS\WinSxS\amd64_microsoft.windows.common-controls_6595b64144ccf1df_6.0.19041.1110_none_60b5254171f9507e;C:\Users\Succi\.jdks\openjdk-16.0.2\bin\server

VM Arguments:
jvm_args: -javaagent:C:\Program Files\JetBrains\IntelliJ IDEA Community Edition 2021.1\lib\idea_rt.jar=61902:C:\Program Files\JetBrains\IntelliJ IDEA Community Edition 2021.1\bin -Dfile.encoding=UTF-8 
java_command: com.example.demo.AuctionApplication
java_class_path (initial): C:\Users\Succi\AppData\Local\Temp\classpath624914649.jar
Launcher Type: SUN_STANDARD

[Global flags]
     uint ConcGCThreads                            = 1                                         {product} {ergonomic}
     uint G1ConcRefinementThreads                  = 4                                         {product} {ergonomic}
    uintx GCDrainStackTargetSize                   = 64                                        {product} {ergonomic}
   size_t InitialHeapSize                          = 266165440                                 {product} {ergonomic}
   size_t MarkStackSize                            = 4194304                                   {product} {ergonomic}
   size_t MaxHeapSize                              = 4258647040                                {product} {ergonomic}
   size_t MinHeapSize                              = 6815736                                   {product} {ergonomic}
    uintx ReservedCodeCacheSize                    = 251658240                              {pd product} {ergonomic}
     bool SegmentedCodeCache                       = true                                      {product} {ergonomic}
     bool UseCompressedClassPointers               = true                           {product lp64_product} {ergonomic}
     bool UseCompressedOops                        = true                           {product lp64_product} {ergonomic}
     bool UseG1GC                                  = true                                      {product} {ergonomic}
     bool UseLargePagesIndividualAllocation        = false                                  {pd product} {ergonomic}

Logging:
Log output configuration:
 #0: stdout all=warning uptime,level,tags
 #1: stderr all=off uptime,level,tags

Environment Variables:
JAVA_HOME=C:\Program Files\Java\jdx16.0.1
PATH=C:\Program Files\Common Files\Oracle\Java\javapath;C:\Program Files (x86)\Common Files\Oracle\Java\javapath;C:\Program Files (x86)\Intel\iCLS Client\;C:\Program Files\Intel\iCLS Client\;C:\WINDOWS\system32;C:\WINDOWS;C:\WINDOWS\System32\Wbem;C:\WINDOWS\System32\WindowsPowerShell\v1.0\;C:\Program Files (x86)\Intel\Intel(R) Management Engine Components\DAL;C:\Program Files\Intel\Intel(R) Management Engine Components\DAL;C:\Program Files (x86)\Intel\Intel(R) Management Engine Components\IPT;C:\Program Files\Intel\Intel(R) Management Engine Components\IPT;C:\WINDOWS\System32\OpenSSH\;C:\Program Files\NVIDIA Corporation\NVIDIA NvDLISR;C:\Program Files (x86)\NVIDIA Corporation\PhysX\Common;C:\WINDOWS\system32;C:\WINDOWS;C:\WINDOWS\System32\Wbem;C:\WINDOWS\System32\WindowsPowerShell\v1.0\;C:\WINDOWS\System32\OpenSSH\;C:\Program Files\nodejs\;C:\Program Files\Java\jdk16.0.1\bin;D:\Git\cmd;C:\Program Files\Microsoft SQL Server\Client SDK\ODBC\170\Tools\Binn\;C:\Program Files (x86)\Microsoft SQL Server\150\Tools\Binn\;C:\Program Files\Microsoft SQL Server\150\Tools\Binn\;C:\Program Files\Microsoft SQL Server\150\DTS\Binn\;C:\Program Files\Docker\Docker\resources\bin;C:\ProgramData\DockerDesktop\version-bin;C:\Users\Succi\AppData\Local\Microsoft\WindowsApps;C:\Users\Succi\AppData\Roaming\npm;C:\Program Files\JetBrains\IntelliJ IDEA Community Edition 2021.1\bin;;C:\Users\Succi\AppData\Local\Programs\Microsoft VS Code\bin;C:\Program Files\heroku\bin;C:\Users\Succi\AppData\Local\GitHubDesktop\bin;C:\Program Files\Azure Data Studio\bin
USERNAME=Succi
OS=Windows_NT
PROCESSOR_IDENTIFIER=Intel64 Family 6 Model 158 Stepping 9, GenuineIntel



---------------  S Y S T E M  ---------------

OS:
 Windows 10 , 64 bit Build 19041 (10.0.19041.1202)
OS uptime: 19 days 5:35 hours

CPU: total 4 (initial active 4) 

Memory: 4k page, system-wide physical 16245M (6082M free)
TotalPageFile size 32629M (AvailPageFile size 12100M)
current process WorkingSet (physical memory assigned to process): 8M, peak: 8M
current process commit charge ("private bytes"): 3M, peak: 3M

vm_info: OpenJDK 64-Bit Server VM (16.0.2+7-67) for windows-amd64 JRE (16.0.2+7-67), built on Jun  8 2021 23:21:43 by "mach5one" with MS VC++ 16.7 (VS2019)

END.
